2023-05-07 13:46:13,044 [main] INFO  com.solvdLaba.utils.MyLogger - testing
2023-05-07 13:47:32,038 [main] INFO  com.solvdLaba.utils.MyLogger - testing second
2023-05-07 13:47:32,039 [main] WARN  com.solvdLaba.utils.MyLogger - Warning
2023-05-07 13:49:04,068 [main] WARN  com.solvdLaba.utils.MyLogger - Checking availability for ticket
2023-05-07 13:49:04,075 [main] WARN  com.solvdLaba.utils.MyLogger - Checking availability for ticket
2023-05-07 13:49:04,076 [main] WARN  com.solvdLaba.utils.MyLogger - Checking availability for ticket
2023-05-07 14:02:03,833 [main] WARN  com.solvdLaba.utils.MyLogger - Checking availability for ticket
2023-05-07 14:02:03,841 [main] WARN  com.solvdLaba.utils.MyLogger - Checking availability for ticket
2023-05-07 14:02:03,842 [main] WARN  com.solvdLaba.utils.MyLogger - Checking availability for ticket
2023-05-07 14:05:03,129 [main] WARN  com.solvdLaba.utils.MyLogger - Checking availability for ticket
2023-05-07 14:05:03,138 [main] WARN  com.solvdLaba.utils.MyLogger - Checking availability for ticket
2023-05-07 14:05:03,138 [main] WARN  com.solvdLaba.utils.MyLogger - Checking availability for ticket
2023-05-07 15:14:17,891 [main] WARN  com.solvdLaba.utils.MyLogger - Checking availability for ticket
2023-05-07 15:14:17,900 [main] WARN  com.solvdLaba.utils.MyLogger - Checking availability for ticket
2023-05-07 15:14:17,901 [main] WARN  com.solvdLaba.utils.MyLogger - Checking availability for ticket
2023-05-07 15:47:47,530 [main] WARN  com.solvdLaba.utils.MyLogger - Checking availability for ticket
2023-05-07 15:47:47,538 [main] WARN  com.solvdLaba.utils.MyLogger - Checking availability for ticket
2023-05-07 15:47:47,538 [main] WARN  com.solvdLaba.utils.MyLogger - Checking availability for ticket
2023-05-07 15:48:27,292 [main] WARN  com.solvdLaba.utils.MyLogger - Checking availability for ticket
2023-05-07 15:48:27,300 [main] WARN  com.solvdLaba.utils.MyLogger - Checking availability for ticket
2023-05-07 15:48:27,301 [main] WARN  com.solvdLaba.utils.MyLogger - Checking availability for ticket
2023-05-07 15:51:05,834 [main] WARN  com.solvdLaba.utils.MyLogger - Checking availability for ticket
2023-05-07 15:51:05,842 [main] WARN  com.solvdLaba.utils.MyLogger - Checking availability for ticket
2023-05-07 15:51:05,843 [main] WARN  com.solvdLaba.utils.MyLogger - Checking availability for ticket
2023-05-07 15:52:23,997 [main] WARN  com.solvdLaba.utils.MyLogger - Checking availability for ticket
2023-05-07 15:52:24,006 [main] WARN  com.solvdLaba.utils.MyLogger - Checking availability for ticket
2023-05-07 15:52:24,007 [main] WARN  com.solvdLaba.utils.MyLogger - Checking availability for ticket
2023-05-07 15:52:53,307 [main] WARN  com.solvdLaba.utils.MyLogger - Checking availability for ticket
2023-05-07 15:52:53,317 [main] WARN  com.solvdLaba.utils.MyLogger - Checking availability for ticket
2023-05-07 15:52:53,317 [main] WARN  com.solvdLaba.utils.MyLogger - Checking availability for ticket
2023-05-07 15:53:04,662 [main] WARN  com.solvdLaba.utils.MyLogger - Checking availability for ticket
2023-05-07 15:53:04,670 [main] WARN  com.solvdLaba.utils.MyLogger - Checking availability for ticket
2023-05-07 15:53:04,671 [main] WARN  com.solvdLaba.utils.MyLogger - Checking availability for ticket
2023-05-07 15:53:49,252 [main] WARN  com.solvdLaba.utils.MyLogger - Checking availability for ticket
2023-05-07 15:53:49,260 [main] WARN  com.solvdLaba.utils.MyLogger - Checking availability for ticket
2023-05-07 15:53:49,261 [main] WARN  com.solvdLaba.utils.MyLogger - Checking availability for ticket
2023-05-07 16:08:19,882 [main] WARN  com.solvdLaba.utils.MyLogger - Checking availability for ticket
2023-05-07 16:08:19,891 [main] WARN  com.solvdLaba.utils.MyLogger - Checking availability for ticket
2023-05-07 16:08:19,891 [main] WARN  com.solvdLaba.utils.MyLogger - Checking availability for ticket
2023-05-07 22:17:31,773 [main] INFO  com.solvdLaba.utils.MyLogger - Passenger getting created:  James
2023-05-07 22:17:31,777 [main] WARN  com.solvdLaba.utils.MyLogger - Checking availability for ticket
2023-05-07 22:17:31,787 [main] INFO  com.solvdLaba.utils.MyLogger - Passenger getting created:  Alex
2023-05-07 22:17:31,787 [main] WARN  com.solvdLaba.utils.MyLogger - Checking availability for ticket
2023-05-07 22:17:31,787 [main] WARN  com.solvdLaba.utils.MyLogger - Checking availability for ticket
2023-05-07 23:00:14,783 [main] INFO  com.solvdLaba.utils.MyLogger - Passenger getting created:  James
2023-05-07 23:06:37,111 [main] INFO  com.solvdLaba.utils.MyLogger - Passenger getting created:  James
2023-05-07 23:07:56,836 [main] INFO  com.solvdLaba.utils.MyLogger - Passenger getting created:  James
2023-05-07 23:07:56,840 [main] WARN  com.solvdLaba.utils.MyLogger - Checking availability for ticket
2023-05-07 23:07:56,848 [main] INFO  com.solvdLaba.utils.MyLogger - Passenger getting created:  Alex
2023-05-07 23:07:56,848 [main] WARN  com.solvdLaba.utils.MyLogger - Checking availability for ticket
2023-05-07 23:07:56,849 [main] WARN  com.solvdLaba.utils.MyLogger - Checking availability for ticket
2023-05-07 23:24:21,344 [main] INFO  com.solvdLaba.utils.MyLogger - Passenger getting created:  James
2023-05-07 23:24:21,347 [main] WARN  com.solvdLaba.utils.MyLogger - Checking availability for ticket
2023-05-07 23:24:21,354 [main] INFO  com.solvdLaba.utils.MyLogger - Passenger getting created:  Alex
2023-05-07 23:24:21,354 [main] WARN  com.solvdLaba.utils.MyLogger - Checking availability for ticket
2023-05-07 23:24:21,355 [main] WARN  com.solvdLaba.utils.MyLogger - Checking availability for ticket
2023-05-07 23:26:03,438 [main] INFO  com.solvdLaba.utils.MyLogger - Passenger getting created:  James
2023-05-07 23:26:03,441 [main] WARN  com.solvdLaba.utils.MyLogger - Checking availability for ticket
2023-05-07 23:26:03,450 [main] INFO  com.solvdLaba.utils.MyLogger - Passenger getting created:  Alex
2023-05-07 23:26:03,450 [main] WARN  com.solvdLaba.utils.MyLogger - Checking availability for ticket
2023-05-07 23:26:03,450 [main] WARN  com.solvdLaba.utils.MyLogger - Checking availability for ticket
2023-05-07 23:27:25,754 [main] INFO  com.solvdLaba.utils.MyLogger - Passenger getting created:  James
2023-05-07 23:27:25,757 [main] WARN  com.solvdLaba.utils.MyLogger - Checking availability for ticket
2023-05-07 23:27:25,764 [main] INFO  com.solvdLaba.utils.MyLogger - Passenger getting created:  Alex
2023-05-07 23:27:38,254 [main] INFO  com.solvdLaba.utils.MyLogger - Passenger getting created:  James
2023-05-07 23:27:38,257 [main] WARN  com.solvdLaba.utils.MyLogger - Checking availability for ticket
2023-05-07 23:27:38,265 [main] INFO  com.solvdLaba.utils.MyLogger - Passenger getting created:  Alex
2023-05-07 23:27:38,266 [main] WARN  com.solvdLaba.utils.MyLogger - Checking availability for ticket
2023-05-07 23:27:38,266 [main] WARN  com.solvdLaba.utils.MyLogger - Checking availability for ticket
2023-05-08 09:16:27,510 [main] INFO  com.solvdLaba.utils.MyLogger - Airport getting created: O'Hare
2023-05-08 09:16:27,511 [main] INFO  com.solvdLaba.utils.MyLogger - Airport getting created: Kennedy
2023-05-08 09:16:27,511 [main] INFO  com.solvdLaba.utils.MyLogger - Passenger getting created:  James
2023-05-08 09:16:27,513 [main] WARN  com.solvdLaba.utils.MyLogger - Checking availability for ticket
2023-05-08 09:16:27,521 [main] INFO  com.solvdLaba.utils.MyLogger - Passenger getting created:  Alex
2023-05-08 09:16:27,521 [main] WARN  com.solvdLaba.utils.MyLogger - Checking availability for ticket
2023-05-08 09:16:27,522 [main] WARN  com.solvdLaba.utils.MyLogger - Checking availability for ticket
2023-05-08 09:16:45,597 [main] INFO  com.solvdLaba.utils.MyLogger - Airport getting created: O'Hare
2023-05-08 09:16:45,599 [main] INFO  com.solvdLaba.utils.MyLogger - Airport getting created: Kennedy
2023-05-08 09:16:45,599 [main] INFO  com.solvdLaba.utils.MyLogger - Passenger getting created:  James
2023-05-08 09:16:45,602 [main] WARN  com.solvdLaba.utils.MyLogger - Checking availability for ticket
2023-05-08 09:16:45,610 [main] INFO  com.solvdLaba.utils.MyLogger - Passenger getting created:  Alex
2023-05-08 09:16:45,610 [main] WARN  com.solvdLaba.utils.MyLogger - Checking availability for ticket
2023-05-08 09:16:45,611 [main] WARN  com.solvdLaba.utils.MyLogger - Checking availability for ticket
2023-05-08 09:17:56,019 [main] INFO  com.solvdLaba.utils.MyLogger - Airport getting created: O'Hare
2023-05-08 09:17:56,020 [main] INFO  com.solvdLaba.utils.MyLogger - Airport getting created: Kennedy
2023-05-08 09:17:56,020 [main] INFO  com.solvdLaba.utils.MyLogger - Passenger getting created:  James
2023-05-08 09:17:56,022 [main] WARN  com.solvdLaba.utils.MyLogger - Checking availability for ticket
2023-05-08 09:17:56,034 [main] INFO  com.solvdLaba.utils.MyLogger - Passenger getting created:  Alex
2023-05-08 09:17:56,035 [main] WARN  com.solvdLaba.utils.MyLogger - Checking availability for ticket
2023-05-08 09:17:56,035 [main] WARN  com.solvdLaba.utils.MyLogger - Checking availability for ticket
2023-05-08 09:18:10,818 [main] INFO  com.solvdLaba.utils.MyLogger - Airport getting created: O'Hare
2023-05-08 09:18:10,819 [main] INFO  com.solvdLaba.utils.MyLogger - Airport getting created: Kennedy
2023-05-08 09:18:10,820 [main] INFO  com.solvdLaba.utils.MyLogger - Passenger getting created:  James
2023-05-08 09:18:10,822 [main] WARN  com.solvdLaba.utils.MyLogger - Checking availability for ticket
2023-05-08 09:18:10,831 [main] INFO  com.solvdLaba.utils.MyLogger - Passenger getting created:  Alex
2023-05-08 09:18:10,831 [main] WARN  com.solvdLaba.utils.MyLogger - Checking availability for ticket
2023-05-08 09:18:10,831 [main] WARN  com.solvdLaba.utils.MyLogger - Checking availability for ticket
